1688656776100:helloWorld
1688656787724:helloWorld()
1688656871254:help
1688656889104:hello-world
1688656896450:show-activity
1688657048988:help
1688657060694:hello
1688657135206:help
1688669673549:hello-world
1688669679007:get
1688676000018:hello-world
1688676005841:get
1688678497885:get(sport)
1688678507450:get(sports)
1688678548473:get --type"sport"
1688678582864:get(sport)
1688678594839:get --type="sport"
1688678667637:get --type="recreational"
1688678734961:get -type="recreational"
1688678745397:get
1688679044928:get sport
1688679050045:get sports
1688679062241:get recreational
1688679835990:get
1688680413113:get asdf
1688680465763:get busywork
1688680472359:get recreational
1688680481112:get education
